<?xml version="1.0" encoding="UTF-8"?>
<!-- Generated by org.testng.reporters.JUnitReportReporter -->
<testsuite hostname="LAPTOP-FNLCL2R2" failures="0" tests="3" name="test.HomePageTest" time="96.321" errors="0" timestamp="2022-08-24T11:08:37 IST" skipped="0">
  <testcase classname="test.HomePageTest" name="ValidateCompanyPageTest" time="32.585"/>
  <system-out/>
  <testcase classname="test.HomePageTest" name="ValidateContactPage" time="22.649"/>
  <system-out/>
  <testcase classname="test.HomePageTest" name="ValidateLogoutTest" time="41.087"/>
  <system-out/>
</testsuite> <!-- test.HomePageTest -->
