<?xml version="1.0" encoding="UTF-8"?>
<!-- Generated by org.testng.reporters.JUnitReportReporter -->
<testsuite hostname="LAPTOP-FNLCL2R2" failures="0" tests="2" name="test.LoginPageTest" time="28.139" errors="0" timestamp="2022-08-23T18:27:41 IST" skipped="0">
  <testcase classname="test.LoginPageTest" name="ValidateLoginPage" time="14.194"/>
  <system-out/>
  <testcase classname="test.LoginPageTest" name="ValidateLogoPage" time="13.945"/>
  <system-out/>
</testsuite> <!-- test.LoginPageTest -->
