<?xml version="1.0" encoding="UTF-8"?>
<!-- Generated by org.testng.reporters.JUnitReportReporter -->
<testsuite hostname="LAPTOP-FNLCL2R2" failures="0" tests="1" name="test.NewContactPageTest" time="21.142" errors="0" timestamp="2022-08-24T11:31:01 IST" skipped="0">
  <testcase classname="test.NewContactPageTest" name="ValidateNewContactPageTest" time="21.142"/>
  <system-out/>
</testsuite> <!-- test.NewContactPageTest -->
